Added Component: Designator=U4(WSON 8mmx6mm 1.27P)
Added Component: Designator=U5(32QFN P0.5)
Added Pin To Net: NetName=CS_MEM Pin=U4-1
Added Pin To Net: NetName=MISO Pin=U4-2
Added Pin To Net: NetName=NetR5_1 Pin=U4-3
Added Pin To Net: NetName=GND Pin=U4-4
Added Pin To Net: NetName=MOSI Pin=U4-5
Added Pin To Net: NetName=CLK Pin=U4-6
Added Pin To Net: NetName=NetR7_1 Pin=U4-7
Added Pin To Net: NetName=3V3 Pin=U4-8
Added Pin To Net: NetName=NetR13_2 Pin=U5-1
Added Pin To Net: NetName=3V3 Pin=U5-2
Added Pin To Net: NetName=3V3 Pin=U5-3
Added Pin To Net: NetName=GND Pin=U5-4
Added Pin To Net: NetName=GND Pin=U5-5
Added Pin To Net: NetName=MFRC_NRST Pin=U5-6
Added Pin To Net: NetName=GND Pin=U5-10
Added Pin To Net: NetName=NetL2_1 Pin=U5-11
Added Pin To Net: NetName=3V3 Pin=U5-12
Added Pin To Net: NetName=NetL1_1 Pin=U5-13
Added Pin To Net: NetName=GND Pin=U5-14
Added Pin To Net: NetName=NetC29_2 Pin=U5-16
Added Pin To Net: NetName=NetC28_1 Pin=U5-17
Added Pin To Net: NetName=MFRC_OSCIN Pin=U5-21
Added Pin To Net: NetName=MFRC_OSCOUT Pin=U5-22
Added Pin To Net: NetName=MFRC_IRQ Pin=U5-23
Added Pin To Net: NetName=MFRC_SDA Pin=U5-24
Added Pin To Net: NetName=MFRC_SCL Pin=U5-31
Added Member To Class: ClassName=RFID Sheet 1 Member=Component U4 W25N01GVZEIG TR
Added Member To Class: ClassName=RFID Sheet2 Member=Component U5 MFRC52201HN1,157
