Removed Pin From Net: NetName=GND Pin=C14-1
Removed Pin From Net: NetName=NetC11_1 Pin=J2-1
Removed Pin From Net: NetName=NetC11_2 Pin=J2-2
Removed Pin From Net: NetName=NetC12_1 Pin=J2-3
Removed Pin From Net: NetName=NetC12_2 Pin=J2-4
Removed Pin From Net: NetName=3V3 Pin=J2-5
Removed Pin From Net: NetName=GND Pin=J2-6
Removed Pin From Net: NetName=3V3 Pin=J2-7
Removed Pin From Net: NetName=CS_OLED Pin=J2-8
Removed Pin From Net: NetName=DC_OLED Pin=J2-10
Removed Pin From Net: NetName=OLED_CLK Pin=J2-11
Removed Pin From Net: NetName=OLED_MOSI Pin=J2-12
Removed Pin From Net: NetName=NetC13_2 Pin=J2-14
Removed Pin From Net: NetName=GND Pin=J2-16
Removed Member From Class: ClassName=RFID Sheet 1 Member=C14
Change Component Comment : Designator=R8 Old Comment=5.1k New Comment=680k
Change Component Comment : Designator=R9 Old Comment=680k New Comment=5.1k
Added Component: Designator=C7(CAPC2013X88X50LL20T25)
Add component (AddParameter): Name = "Manufacturer"; Value = "Kemet"; VariantName = "[No Variations]"
Add component (AddParameter): Name = "Part Number"; Value = "C0805C103K5RACTU"; VariantName = "[No Variations]"
Added Pin To Net: NetName=GND Pin=C7-1
Added Pin To Net: NetName=GND Pin=J2-1
Added Pin To Net: NetName=NetC13_2 Pin=J2-3
Added Pin To Net: NetName=OLED_MOSI Pin=J2-5
Added Pin To Net: NetName=OLED_CLK Pin=J2-6
Added Pin To Net: NetName=DC_OLED Pin=J2-7
Added Pin To Net: NetName=CS_OLED Pin=J2-9
Added Pin To Net: NetName=3V3 Pin=J2-10
Added Pin To Net: NetName=GND Pin=J2-11
Added Pin To Net: NetName=3V3 Pin=J2-12
Added Pin To Net: NetName=NetC11_1 Pin=J2-13
Added Pin To Net: NetName=NetC11_2 Pin=J2-14
Added Pin To Net: NetName=NetC12_1 Pin=J2-15
Added Pin To Net: NetName=NetC12_2 Pin=J2-16
Added Pin To Net: NetName=NetC7_2 Pin=C7-2
Added Pin To Net: NetName=NetC7_2 Pin=J2-2
Added Net: Name=NetC7_2
Added Pin To Net: NetName=NetJ2_4 Pin=J2-4
Added Pin To Net: NetName=NetJ2_4 Pin=R8-1
Added Net: Name=NetJ2_4
Added Pin To Net: NetName=NetJ2_8 Pin=J2-8
Added Pin To Net: NetName=NetJ2_8 Pin=R9-1
Added Net: Name=NetJ2_8
Added Member To Class: ClassName=RFID Sheet 1 Member=Component C7 10u
Added Member To Class: ClassName=RFID Sheet 1 Member=Component J1 105017-0001
